2024-07-14 16:41:06,460 - my_logger - DEBUG - This is a debug message
2024-07-14 16:41:06,460 - my_logger - INFO - This is an info message
2024-07-14 16:41:06,460 - my_logger - WARNING - This is a warning message
2024-07-14 16:41:06,460 - my_logger - ERROR - This is an error message
2024-07-14 16:41:06,460 - my_logger - CRITICAL - This is a critical message
2024-07-14 16:47:32,902 - my_logger - DEBUG - This is a debug message
2024-07-14 16:47:32,902 - my_logger - INFO - This is an info message
2024-07-14 16:47:32,903 - my_logger - WARNING - This is a warning message
2024-07-14 16:47:32,903 - my_logger - ERROR - This is an error message
2024-07-14 16:47:32,903 - my_logger - CRITICAL - This is a critical message
2024-07-14 16:54:58,650 - my_logger - DEBUG - This is a debug message
2024-07-14 16:54:58,651 - my_logger - INFO - This is an info message
2024-07-14 16:54:58,651 - my_logger - WARNING - This is a warning message
2024-07-14 16:54:58,651 - my_logger - ERROR - This is an error message
2024-07-14 16:54:58,651 - my_logger - CRITICAL - This is a critical message
2024-07-14 17:08:20,170 - my_logger - DEBUG - This is a debug message
2024-07-14 17:08:20,170 - my_logger - INFO - This is an info message
2024-07-14 17:08:20,171 - my_logger - WARNING - This is a warning message
2024-07-14 17:08:20,171 - my_logger - ERROR - This is an error message
2024-07-14 17:08:20,171 - my_logger - CRITICAL - This is a critical message
